2025-02-06T10:00:35.596+01:00  INFO 24340 --- [Counter-Service] [main] c.e.C.CounterServiceApplication          : Starting CounterServiceApplication using Java 17.0.13 with PID 24340 (C:\Users\mkorovay\IdeaProjects\Counter-Service2\Counter-Service\target\classes started by mkorovay in C:\Users\mkorovay\IdeaProjects\Counter-Service2)
2025-02-06T10:00:35.602+01:00  INFO 24340 --- [Counter-Service] [main] c.e.C.CounterServiceApplication          : No active profile set, falling back to 1 default profile: "default"
2025-02-06T10:00:37.248+01:00  INFO 24340 --- [Counter-Service] [main] o.s.b.w.embedded.tomcat.TomcatWebServer  : Tomcat initialized with port 8082 (http)
2025-02-06T10:00:37.264+01:00  INFO 24340 --- [Counter-Service] [main] o.apache.catalina.core.StandardService   : Starting service [Tomcat]
2025-02-06T10:00:37.264+01:00  INFO 24340 --- [Counter-Service] [main] o.apache.catalina.core.StandardEngine    : Starting Servlet engine: [Apache Tomcat/10.1.34]
2025-02-06T10:00:37.367+01:00  INFO 24340 --- [Counter-Service] [main] o.a.c.c.C.[Tomcat].[localhost].[/]       : Initializing Spring embedded WebApplicationContext
2025-02-06T10:00:37.367+01:00  INFO 24340 --- [Counter-Service] [main] w.s.c.ServletWebServerApplicationContext : Root WebApplicationContext: initialization completed in 1669 ms
2025-02-06T10:00:37.565+01:00 DEBUG 24340 --- [Counter-Service] [main] o.s.w.f.ServerHttpObservationFilter      : Filter 'webMvcObservationFilter' configured for use
2025-02-06T10:00:38.036+01:00 TRACE 24340 --- [Counter-Service] [main] s.w.s.m.m.a.RequestMappingHandlerMapping : 
	c.e.C.ProjectController:
	{GET [/counter/{projectId}]}: createProject(Integer)
	{GET [/counter/projects]}: getAllProjects()
	{GET [/overwrite/positions]}: getAndUpdatePositions()
	{GET [/overwrite/position/{positionId}]}: getAndUpdatePosition(Integer)
	{GET [/overwrite/project/{projectId}]}: getAndUpdateProject(Integer)
	{GET [/overwrite/projects]}: getAndUpdateProjects()
2025-02-06T10:00:38.043+01:00 TRACE 24340 --- [Counter-Service] [main] s.w.s.m.m.a.RequestMappingHandlerMapping : 
	o.s.b.a.w.s.e.BasicErrorController:
	{ [/error]}: error(HttpServletRequest)
	{ [/error], produces [text/html]}: errorHtml(HttpServletRequest,HttpServletResponse)
2025-02-06T10:00:38.049+01:00 DEBUG 24340 --- [Counter-Service] [main] s.w.s.m.m.a.RequestMappingHandlerMapping : 8 mappings in 'requestMappingHandlerMapping'
2025-02-06T10:00:38.054+01:00 DEBUG 24340 --- [Counter-Service] [main] o.s.w.s.h.BeanNameUrlHandlerMapping      : Detected 0 mappings in 'beanNameHandlerMapping'
2025-02-06T10:00:38.070+01:00 TRACE 24340 --- [Counter-Service] [main] o.s.w.s.f.support.RouterFunctionMapping  : 0 RouterFunction(s) in 'routerFunctionMapping'
2025-02-06T10:00:38.082+01:00 TRACE 24340 --- [Counter-Service] [main] o.s.w.s.handler.SimpleUrlHandlerMapping  : Mapped [/webjars/**] onto ResourceHttpRequestHandler [classpath [META-INF/resources/webjars/]]
2025-02-06T10:00:38.082+01:00 TRACE 24340 --- [Counter-Service] [main] o.s.w.s.handler.SimpleUrlHandlerMapping  : Mapped [/**] onto ResourceHttpRequestHandler [classpath [META-INF/resources/], classpath [resources/], classpath [static/], classpath [public/], ServletContext [/]]
2025-02-06T10:00:38.082+01:00 DEBUG 24340 --- [Counter-Service] [main] o.s.w.s.handler.SimpleUrlHandlerMapping  : Patterns [/webjars/**, /**] in 'resourceHandlerMapping'
2025-02-06T10:00:38.213+01:00 DEBUG 24340 --- [Counter-Service] [main] s.w.s.m.m.a.RequestMappingHandlerAdapter : ControllerAdvice beans: 0 @ModelAttribute, 0 @InitBinder, 1 RequestBodyAdvice, 1 ResponseBodyAdvice
2025-02-06T10:00:38.250+01:00 DEBUG 24340 --- [Counter-Service] [main] .m.m.a.ExceptionHandlerExceptionResolver : ControllerAdvice beans: 0 @ExceptionHandler, 1 ResponseBodyAdvice
2025-02-06T10:00:38.629+01:00  INFO 24340 --- [Counter-Service] [main] o.s.b.a.e.web.EndpointLinksResolver      : Exposing 16 endpoints beneath base path '/actuator'
2025-02-06T10:00:38.792+01:00  INFO 24340 --- [Counter-Service] [main] o.s.b.w.embedded.tomcat.TomcatWebServer  : Tomcat started on port 8082 (http) with context path '/'
2025-02-06T10:00:38.812+01:00  INFO 24340 --- [Counter-Service] [main] c.e.C.CounterServiceApplication          : Started CounterServiceApplication in 3.93 seconds (process running for 5.757)
2025-02-06T10:00:38.944+01:00 DEBUG 24340 --- [Counter-Service] [main] o.s.web.client.DefaultRestClient         : Reading to [com.example.Counter_Service.PersonProjectPosition[]]
2025-02-06T10:00:39.047+01:00 DEBUG 24340 --- [Counter-Service] [main] o.s.web.client.DefaultRestClient         : Reading to [com.example.Counter_Service.PersonProjectPosition]
2025-02-06T10:00:39.073+01:00 DEBUG 24340 --- [Counter-Service] [main] o.s.web.client.DefaultRestClient         : Writing [PersonProjectPosition(id=1, name=Tessa Test, title=null, startInProjectDate=2022-09-08 14:00:00.0, endInProjectDate=null, daysActive=882)] as "application/json" with org.springframework.http.converter.json.MappingJackson2HttpMessageConverter
2025-02-06T10:00:39.111+01:00 DEBUG 24340 --- [Counter-Service] [main] o.s.web.client.DefaultRestClient         : Reading to [com.example.Counter_Service.PersonProjectPosition]
2025-02-06T10:00:39.122+01:00 DEBUG 24340 --- [Counter-Service] [main] o.s.web.client.DefaultRestClient         : Reading to [com.example.Counter_Service.PersonProjectPosition]
2025-02-06T10:00:39.124+01:00 DEBUG 24340 --- [Counter-Service] [main] o.s.web.client.DefaultRestClient         : Writing [PersonProjectPosition(id=2, name=Luca Lucky, title=null, startInProjectDate=2023-09-08 14:00:00.0, endInProjectDate=null, daysActive=517)] as "application/json" with org.springframework.http.converter.json.MappingJackson2HttpMessageConverter
2025-02-06T10:00:39.137+01:00 DEBUG 24340 --- [Counter-Service] [main] o.s.web.client.DefaultRestClient         : Reading to [com.example.Counter_Service.PersonProjectPosition]
2025-02-06T10:00:39.161+01:00 DEBUG 24340 --- [Counter-Service] [main] o.s.web.client.DefaultRestClient         : Reading to [com.example.Counter_Service.Project[]]
2025-02-06T10:00:39.198+01:00 DEBUG 24340 --- [Counter-Service] [main] o.s.web.client.DefaultRestClient         : Reading to [com.example.Counter_Service.Project]
2025-02-06T10:00:39.211+01:00 DEBUG 24340 --- [Counter-Service] [main] o.s.web.client.DefaultRestClient         : Writing [Project(id=1, title=Bmw-Projekt, description=Auto Konfiguration in der App, startingAt=2022-09-08 14:00:00.0, endingAt=2025-09-08 14:00:00.0, activeProjectDays=1096, personProjectPosition=null)] as "application/json" with org.springframework.http.converter.json.MappingJackson2HttpMessageConverter
2025-02-06T10:00:39.234+01:00 DEBUG 24340 --- [Counter-Service] [main] o.s.web.client.DefaultRestClient         : Reading to [com.example.Counter_Service.Project]
2025-02-06T10:00:39.252+01:00 DEBUG 24340 --- [Counter-Service] [main] o.s.web.client.DefaultRestClient         : Reading to [com.example.Counter_Service.Project]
2025-02-06T10:00:39.253+01:00 DEBUG 24340 --- [Counter-Service] [main] o.s.web.client.DefaultRestClient         : Writing [Project(id=3, title=Daimler, description=Eine application wird erstellt, startingAt=2024-05-03 14:00:00.0, endingAt=null, activeProjectDays=279, personProjectPosition=null)] as "application/json" with org.springframework.http.converter.json.MappingJackson2HttpMessageConverter
2025-02-06T10:00:39.272+01:00 DEBUG 24340 --- [Counter-Service] [main] o.s.web.client.DefaultRestClient         : Reading to [com.example.Counter_Service.Project]
